<?xml version="1.0" encoding="UTF-8"?>
<testng-results skipped="0" failed="0" ignored="0" total="2" passed="2">
  <reporter-output>
  </reporter-output>
  <suite name="practice.PersonTest" duration-ms="32" started-at="2018-07-08T22:12:26Z" finished-at="2018-07-08T22:12:26Z">
    <groups>
    </groups>
    <test name="Command line test" duration-ms="32" started-at="2018-07-08T22:12:26Z" finished-at="2018-07-08T22:12:26Z">
      <class name="practice.PersonTest">
        <test-method status="PASS" signature="VerifyFirstName()[pri:0, instance:practice.PersonTest@2752f6e2]" name="VerifyFirstName" duration-ms="10" started-at="2018-07-08T22:12:26Z" finished-at="2018-07-08T22:12:26Z">
          <reporter-output>
          </reporter-output>
        </test-method> <!-- VerifyFirstName -->
        <test-method status="PASS" signature="VerifyLastNameFail()[pri:0, instance:practice.PersonTest@2752f6e2]" name="VerifyLastNameFail" duration-ms="0" started-at="2018-07-08T22:12:26Z" finished-at="2018-07-08T22:12:26Z">
          <reporter-output>
          </reporter-output>
        </test-method> <!-- VerifyLastNameFail -->
      </class> <!-- practice.PersonTest -->
    </test> <!-- Command line test -->
  </suite> <!-- practice.PersonTest -->
</testng-results>
